SF:lib/core/error/failure.dart
DA:5,1
DA:7,0
DA:8,0
DA:12,1
DA:16,0
DA:20,0
DA:25,0
LF:7
LH:2
end_of_record
SF:lib/features/home/data/data_sources/category_remote_data_source.dart
DA:12,0
DA:14,0
DA:19,0
DA:21,0
DA:28,0
DA:38,0
LF:6
LH:0
end_of_record
SF:lib/features/home/domain/entities/category.dart
DA:4,0
DA:13,0
DA:14,0
LF:3
LH:0
end_of_record
SF:lib/features/home/presentation/bloc/category_bloc/category_bloc.dart
DA:11,1
DA:12,2
DA:13,2
DA:14,2
DA:15,2
DA:16,1
DA:17,4
DA:18,2
DA:19,1
LF:9
LH:9
end_of_record
SF:lib/features/home/presentation/bloc/category_bloc/category_event.dart
DA:4,1
DA:6,0
DA:7,0
DA:12,1
DA:14,0
DA:15,0
LF:6
LH:2
end_of_record
SF:lib/features/home/presentation/bloc/category_bloc/category_state.dart
DA:6,2
DA:8,1
DA:9,1
DA:19,1
DA:21,1
DA:22,2
DA:28,2
DA:30,1
DA:31,2
LF:9
LH:9
end_of_record
SF:lib/features/home/data/data_sources/popular_remote_data_source.dart
DA:12,0
DA:14,0
DA:21,0
DA:25,0
DA:31,0
DA:40,0
LF:6
LH:0
end_of_record
SF:lib/features/home/data/models/category_model.dart
DA:9,0
DA:13,0
DA:15,0
DA:16,0
DA:17,0
DA:18,0
DA:19,0
DA:23,0
DA:24,0
DA:25,0
DA:26,0
DA:27,0
DA:31,0
DA:32,0
LF:14
LH:0
end_of_record
SF:lib/features/home/data/models/popular_model.dart
DA:10,0
DA:16,0
DA:25,0
DA:26,0
DA:27,0
DA:28,0
DA:29,0
DA:30,0
DA:36,0
DA:37,0
DA:38,0
DA:39,0
DA:40,0
DA:41,0
LF:14
LH:0
end_of_record
SF:lib/features/home/domain/entities/popular.dart
DA:10,0
DA:18,0
DA:19,0
LF:3
LH:0
end_of_record
SF:lib/features/home/domain/usecases/get_all_categories.dart
DA:9,0
DA:11,0
DA:12,0
LF:3
LH:0
end_of_record
SF:lib/features/home/domain/usecases/get_all_popular.dart
DA:9,0
DA:11,0
DA:12,0
LF:3
LH:0
end_of_record
